<?xml version="1.0" encoding="UTF-8" ?>
<testsuite tests="6" failures="0" name="put.ai.games.linesofaction.LinesOfActionMoveTest" time="0.002" errors="0" skipped="0">
  <properties>
[...]
</properties>
  <testcase classname="put.ai.games.linesofaction.LinesOfActionMoveTest" name="test1a" time="0.002"/>
  <testcase classname="put.ai.games.linesofaction.LinesOfActionMoveTest" name="test3b" time="0"/>
  <testcase classname="put.ai.games.linesofaction.LinesOfActionMoveTest" name="test1b" time="0"/>
  <testcase classname="put.ai.games.linesofaction.LinesOfActionMoveTest" name="test2a" time="0"/>
  <testcase classname="put.ai.games.linesofaction.LinesOfActionMoveTest" name="test2b" time="0"/>
  <testcase classname="put.ai.games.linesofaction.LinesOfActionMoveTest" name="test3a" time="0"/>
</testsuite>